This file contains any messages produced by compilers while
running configure, to aid debugging if configure makes a mistake.

It was created by configure, which was
generated by GNU Autoconf 2.61.  Invocation command line was

  $ ./configure 

## --------- ##
## Platform. ##
## --------- ##

hostname = localhost
uname -m = i686
uname -r = 2.6.24.7-desktop-1mnb
uname -s = Linux
uname -v = #1 SMP Mon Jul 28 15:12:10 EDT 2008

/usr/bin/uname -p = unknown
/bin/uname -X     = unknown

/bin/arch              = i686
/usr/bin/arch -k       = unknown
/usr/convex/getsysinfo = unknown
/usr/bin/hostinfo      = unknown
/bin/machine           = unknown
/usr/bin/oslevel       = unknown
/bin/universe          = unknown

PATH: /sbin
PATH: /usr/sbin
PATH: /bin
PATH: /usr/bin
PATH: /usr/X11R6/bin
PATH: /usr/local/bin
PATH: /usr/local/sbin
PATH: /usr/lib/qt4/bin


## ----------- ##
## Core tests. ##
## ----------- ##

configure:1860: checking for a BSD-compatible install
configure:1916: result: /usr/bin/install -c
configure:1927: checking whether build environment is sane
configure:1970: result: yes
configure:1998: checking for a thread-safe mkdir -p
configure:2037: result: /bin/mkdir -p
configure:2050: checking for gawk
configure:2066: found /bin/gawk
configure:2077: result: gawk
configure:2088: checking whether make sets $(MAKE)
configure:2109: result: yes
configure:2357: checking for gcc
configure:2373: found /usr/bin/gcc
configure:2384: result: gcc
configure:2622: checking for C compiler version
configure:2629: gcc --version >&5
gcc (GCC) 4.2.3 (4.2.3-6mnb1)
Copyright (C) 2007 Free Software Foundation, Inc.
This is free software; see the source for copying conditions.  There is NO
warranty; not even for MERCHANTABILITY or FITNESS FOR A PARTICULAR PURPOSE.

configure:2632: $? = 0
configure:2639: gcc -v >&5
Using built-in specs.
Target: i586-manbo-linux-gnu
Configured with: ../configure --prefix=/usr --libexecdir=/usr/lib --with-slibdir=/lib --mandir=/usr/share/man --infodir=/usr/share/info --enable-checking=release --enable-languages=c,c++,ada,fortran,objc,obj-c++,java --host=i586-manbo-linux-gnu --with-cpu=generic --with-system-zlib --enable-threads=posix --enable-shared --enable-long-long --enable-__cxa_atexit --disable-libunwind-exceptions --enable-clocale=gnu --enable-java-awt=gtk --with-java-home=/usr/lib/jvm/java-1.4.2-gcj-1.4.2.0/jre --enable-gtk-cairo --disable-libjava-multilib --enable-ssp --disable-libssp
Thread model: posix
gcc version 4.2.3 (4.2.3-6mnb1)
configure:2642: $? = 0
configure:2649: gcc -V >&5
gcc: '-V' option must have argument
configure:2652: $? = 1
configure:2675: checking for C compiler default output file name
configure:2702: gcc    conftest.c  >&5
configure:2705: $? = 0
configure:2743: result: a.out
configure:2760: checking whether the C compiler works
configure:2770: ./a.out
configure:2773: $? = 0
configure:2790: result: yes
configure:2797: checking whether we are cross compiling
configure:2799: result: no
configure:2802: checking for suffix of executables
configure:2809: gcc -o conftest    conftest.c  >&5
configure:2812: $? = 0
configure:2836: result: 
configure:2842: checking for suffix of object files
configure:2868: gcc -c   conftest.c >&5
configure:2871: $? = 0
configure:2894: result: o
configure:2898: checking whether we are using the GNU C compiler
configure:2927: gcc -c   conftest.c >&5
configure:2933: $? = 0
configure:2950: result: yes
configure:2955: checking whether gcc accepts -g
configure:2985: gcc -c -g  conftest.c >&5
configure:2991: $? = 0
configure:3090: result: yes
configure:3107: checking for gcc option to accept ISO C89
configure:3181: gcc  -c -g -O2  conftest.c >&5
configure:3187: $? = 0
configure:3210: result: none needed
configure:3239: checking for style of include used by make
configure:3267: result: GNU
configure:3292: checking dependency style of gcc
configure:3383: result: gcc3
configure:3446: checking for gcc
configure:3473: result: gcc
configure:3711: checking for C compiler version
configure:3718: gcc --version >&5
gcc (GCC) 4.2.3 (4.2.3-6mnb1)
Copyright (C) 2007 Free Software Foundation, Inc.
This is free software; see the source for copying conditions.  There is NO
warranty; not even for MERCHANTABILITY or FITNESS FOR A PARTICULAR PURPOSE.

configure:3721: $? = 0
configure:3728: gcc -v >&5
Using built-in specs.
Target: i586-manbo-linux-gnu
Configured with: ../configure --prefix=/usr --libexecdir=/usr/lib --with-slibdir=/lib --mandir=/usr/share/man --infodir=/usr/share/info --enable-checking=release --enable-languages=c,c++,ada,fortran,objc,obj-c++,java --host=i586-manbo-linux-gnu --with-cpu=generic --with-system-zlib --enable-threads=posix --enable-shared --enable-long-long --enable-__cxa_atexit --disable-libunwind-exceptions --enable-clocale=gnu --enable-java-awt=gtk --with-java-home=/usr/lib/jvm/java-1.4.2-gcj-1.4.2.0/jre --enable-gtk-cairo --disable-libjava-multilib --enable-ssp --disable-libssp
Thread model: posix
gcc version 4.2.3 (4.2.3-6mnb1)
configure:3731: $? = 0
configure:3738: gcc -V >&5
gcc: '-V' option must have argument
configure:3741: $? = 1
configure:3744: checking whether we are using the GNU C compiler
configure:3796: result: yes
configure:3801: checking whether gcc accepts -g
configure:3936: result: yes
configure:3953: checking for gcc option to accept ISO C89
configure:4056: result: none needed
configure:4076: checking dependency style of gcc
configure:4167: result: gcc3
configure:4186: checking for library containing strerror
configure:4227: gcc -o conftest -g -O2   conftest.c  >&5
configure:4233: $? = 0
configure:4261: result: none required
configure:4274: checking how to run the C preprocessor
configure:4314: gcc -E  conftest.c
configure:4320: $? = 0
configure:4351: gcc -E  conftest.c
conftest.c:10:28: error: ac_nonexistent.h: No such file or directory
configure:4357: $? = 1
configure: failed program was:
| /* confdefs.h.  */
| #define PACKAGE_NAME ""
| #define PACKAGE_TARNAME ""
| #define PACKAGE_VERSION ""
| #define PACKAGE_STRING ""
| #define PACKAGE_BUGREPORT ""
| #define PACKAGE "terraform"
| #define VERSION "0.9.2"
| /* end confdefs.h.  */
| #include <ac_nonexistent.h>
configure:4390: result: gcc -E
configure:4419: gcc -E  conftest.c
configure:4425: $? = 0
configure:4456: gcc -E  conftest.c
conftest.c:10:28: error: ac_nonexistent.h: No such file or directory
configure:4462: $? = 1
configure: failed program was:
| /* confdefs.h.  */
| #define PACKAGE_NAME ""
| #define PACKAGE_TARNAME ""
| #define PACKAGE_VERSION ""
| #define PACKAGE_STRING ""
| #define PACKAGE_BUGREPORT ""
| #define PACKAGE "terraform"
| #define VERSION "0.9.2"
| /* end confdefs.h.  */
| #include <ac_nonexistent.h>
configure:4500: checking for grep that handles long lines and -e
configure:4574: result: /bin/grep
configure:4579: checking for egrep
configure:4657: result: /bin/grep -E
configure:4662: checking for ANSI C header files
configure:4692: gcc -c -g -O2  conftest.c >&5
configure:4698: $? = 0
configure:4797: gcc -o conftest -g -O2   conftest.c  >&5
configure:4800: $? = 0
configure:4806: ./conftest
configure:4809: $? = 0
configure:4826: result: yes
configure:4886: checking for pkg-config
configure:4904: found /usr/bin/pkg-config
configure:4916: result: /usr/bin/pkg-config
configure:4945: checking pkg-config is at least version 0.9.0
configure:4948: result: yes
configure:4959: checking for PACKAGE
configure:4977: $PKG_CONFIG --exists --print-errors "
glib-2.0        >= 2.0.0
gobject-2.0     >= 2.0.0
gmodule-2.0     >= 2.0.0
gtk+-2.0        >= 2.0.0
libxml-2.0      >= 2.4.12
libglade-2.0    >= 2.0.1
libgnome-2.0    >= 1.105.0
libgnomeui-2.0  >= 1.106.0
libgnomeprint-2.2 >= 2.2.1.1
libgnomeprintui-2.2 >= 2.2.1.1
"
configure:4991: $? = 0
configure:5026: $PKG_CONFIG --exists --print-errors "
glib-2.0        >= 2.0.0
gobject-2.0     >= 2.0.0
gmodule-2.0     >= 2.0.0
gtk+-2.0        >= 2.0.0
libxml-2.0      >= 2.4.12
libglade-2.0    >= 2.0.1
libgnome-2.0    >= 1.105.0
libgnomeui-2.0  >= 1.106.0
libgnomeprint-2.2 >= 2.2.1.1
libgnomeprintui-2.2 >= 2.2.1.1
"
configure:5040: $? = 0
configure:5170: result: yes
configure:5186: checking whether NLS is requested
configure:5195: result: yes
configure:5236: checking for msgfmt
configure: trying /usr/bin/msgfmt...
0 translated messages.
configure:5268: result: /usr/bin/msgfmt
configure:5277: checking for gmsgfmt
configure:5308: result: /usr/bin/msgfmt
configure:5359: checking for xgettext
configure: trying /usr/bin/xgettext...
/usr/bin/xgettext: warning: file `/dev/null' extension `' is unknown; will try C
configure:5391: result: /usr/bin/xgettext
configure:5437: checking for msgmerge
configure: trying /usr/bin/msgmerge...
configure:5468: result: /usr/bin/msgmerge
configure:5491: checking build system type
configure:5509: result: i686-pc-linux-gnu
configure:5531: checking host system type
configure:5546: result: i686-pc-linux-gnu
configure:5569: checking whether we are using the GNU C Library 2 or newer
configure:5600: result: yes
configure:5649: checking for ranlib
configure:5665: found /usr/bin/ranlib
configure:5676: result: ranlib
configure:5707: checking for simple visibility declarations
configure:5739: gcc -c -g -O2 -fvisibility=hidden  conftest.c >&5
configure:5745: $? = 0
configure:5762: result: yes
configure:5777: checking for inline
configure:5803: gcc -c -g -O2  conftest.c >&5
configure:5809: $? = 0
configure:5827: result: inline
configure:5860: checking for sys/types.h
configure:5881: gcc -c -g -O2  conftest.c >&5
configure:5887: $? = 0
configure:5903: result: yes
configure:5860: checking for sys/stat.h
configure:5881: gcc -c -g -O2  conftest.c >&5
configure:5887: $? = 0
configure:5903: result: yes
configure:5860: checking for stdlib.h
configure:5881: gcc -c -g -O2  conftest.c >&5
configure:5887: $? = 0
configure:5903: result: yes
configure:5860: checking for string.h
configure:5881: gcc -c -g -O2  conftest.c >&5
configure:5887: $? = 0
configure:5903: result: yes
configure:5860: checking for memory.h
configure:5881: gcc -c -g -O2  conftest.c >&5
configure:5887: $? = 0
configure:5903: result: yes
configure:5860: checking for strings.h
configure:5881: gcc -c -g -O2  conftest.c >&5
configure:5887: $? = 0
configure:5903: result: yes
configure:5860: checking for inttypes.h
configure:5881: gcc -c -g -O2  conftest.c >&5
configure:5887: $? = 0
configure:5903: result: yes
configure:5860: checking for stdint.h
configure:5881: gcc -c -g -O2  conftest.c >&5
configure:5887: $? = 0
configure:5903: result: yes
configure:5860: checking for unistd.h
configure:5881: gcc -c -g -O2  conftest.c >&5
configure:5887: $? = 0
configure:5903: result: yes
configure:5915: checking for size_t
configure:5945: gcc -c -g -O2  conftest.c >&5
configure:5951: $? = 0
configure:5966: result: yes
configure:5979: checking for stdint.h
configure:6006: gcc -c -g -O2  conftest.c >&5
configure:6012: $? = 0
configure:6027: result: yes
configure:6039: checking for working alloca.h
configure:6066: gcc -o conftest -g -O2   conftest.c  >&5
configure:6072: $? = 0
configure:6089: result: yes
configure:6099: checking for alloca
configure:6146: gcc -o conftest -g -O2   conftest.c  >&5
configure:6152: $? = 0
configure:6169: result: yes
configure:6402: checking for stdlib.h
configure:6408: result: yes
configure:6402: checking for unistd.h
configure:6408: result: yes
configure:6541: checking for getpagesize
configure:6597: gcc -o conftest -g -O2   conftest.c  >&5
configure:6603: $? = 0
configure:6621: result: yes
configure:6631: checking for working mmap
configure:6778: gcc -o conftest -g -O2   conftest.c  >&5
configure:6781: $? = 0
configure:6787: ./conftest
configure:6790: $? = 0
configure:6806: result: yes
configure:6819: checking whether integer division by zero raises SIGFPE
configure:6895: gcc -o conftest -g -O2   conftest.c  >&5
configure:6898: $? = 0
configure:6904: ./conftest
configure:6907: $? = 0
configure:6925: result: yes
configure:6938: checking for inttypes.h
configure:6965: gcc -c -g -O2  conftest.c >&5
configure:6971: $? = 0
configure:6986: result: yes
configure:6997: checking for unsigned long long int
configure:7047: gcc -o conftest -g -O2   conftest.c  >&5
configure:7053: $? = 0
configure:7070: result: yes
configure:7107: checking for inttypes.h
configure:7113: result: yes
configure:7243: checking whether the inttypes.h PRIxNN macros are broken
configure:7274: gcc -c -g -O2  conftest.c >&5
configure:7280: $? = 0
configure:7296: result: no
configure:7318: checking for AIX
configure:7340: result: no
configure:7356: checking minix/config.h usability
configure:7373: gcc -c -g -O2  conftest.c >&5
conftest.c:68:26: error: minix/config.h: No such file or directory
configure:7379: $? = 1
configure: failed program was:
| /* confdefs.h.  */
| #define PACKAGE_NAME ""
| #define PACKAGE_TARNAME ""
| #define PACKAGE_VERSION ""
| #define PACKAGE_STRING ""
| #define PACKAGE_BUGREPORT ""
| #define PACKAGE "terraform"
| #define VERSION "0.9.2"
| #define STDC_HEADERS 1
| #define GETTEXT_PACKAGE "terraform"
| #define HAVE_VISIBILITY 1
| #define HAVE_SYS_TYPES_H 1
| #define HAVE_SYS_STAT_H 1
| #define HAVE_STDLIB_H 1
| #define HAVE_STRING_H 1
| #define HAVE_MEMORY_H 1
| #define HAVE_STRINGS_H 1
| #define HAVE_INTTYPES_H 1
| #define HAVE_STDINT_H 1
| #define HAVE_UNISTD_H 1
| #define HAVE_STDINT_H_WITH_UINTMAX 1
| #define HAVE_ALLOCA_H 1
| #define HAVE_ALLOCA 1
| #define HAVE_STDLIB_H 1
| #define HAVE_UNISTD_H 1
| #define HAVE_GETPAGESIZE 1
| #define HAVE_MMAP 1
| #define INTDIV0_RAISES_SIGFPE 1
| #define HAVE_INTTYPES_H_WITH_UINTMAX 1
| #define HAVE_UNSIGNED_LONG_LONG_INT 1
| #define HAVE_UINTMAX_T 1
| #define HAVE_INTTYPES_H 1
| #define _GNU_SOURCE 1
| /* end confdefs.h.  */
| #include <stdio.h>
| #ifdef HAVE_SYS_TYPES_H
| # include <sys/types.h>
| #endif
| #ifdef HAVE_SYS_STAT_H
| # include <sys/stat.h>
| #endif
| #ifdef STDC_HEADERS
| # include <stdlib.h>
| # include <stddef.h>
| #else
| # ifdef HAVE_STDLIB_H
| #  include <stdlib.h>
| # endif
| #endif
| #ifdef HAVE_STRING_H
| # if !defined STDC_HEADERS && defined HAVE_MEMORY_H
| #  include <memory.h>
| # endif
| # include <string.h>
| #endif
| #ifdef HAVE_STRINGS_H
| # include <strings.h>
| #endif
| #ifdef HAVE_INTTYPES_H
| # include <inttypes.h>
| #endif
| #ifdef HAVE_STDINT_H
| # include <stdint.h>
| #endif
| #ifdef HAVE_UNISTD_H
| # include <unistd.h>
| #endif
| #include <minix/config.h>
configure:7393: result: no
configure:7397: checking minix/config.h presence
configure:7412: gcc -E  conftest.c
conftest.c:35:26: error: minix/config.h: No such file or directory
configure:7418: $? = 1
configure: failed program was:
| /* confdefs.h.  */
| #define PACKAGE_NAME ""
| #define PACKAGE_TARNAME ""
| #define PACKAGE_VERSION ""
| #define PACKAGE_STRING ""
| #define PACKAGE_BUGREPORT ""
| #define PACKAGE "terraform"
| #define VERSION "0.9.2"
| #define STDC_HEADERS 1
| #define GETTEXT_PACKAGE "terraform"
| #define HAVE_VISIBILITY 1
| #define HAVE_SYS_TYPES_H 1
| #define HAVE_SYS_STAT_H 1
| #define HAVE_STDLIB_H 1
| #define HAVE_STRING_H 1
| #define HAVE_MEMORY_H 1
| #define HAVE_STRINGS_H 1
| #define HAVE_INTTYPES_H 1
| #define HAVE_STDINT_H 1
| #define HAVE_UNISTD_H 1
| #define HAVE_STDINT_H_WITH_UINTMAX 1
| #define HAVE_ALLOCA_H 1
| #define HAVE_ALLOCA 1
| #define HAVE_STDLIB_H 1
| #define HAVE_UNISTD_H 1
| #define HAVE_GETPAGESIZE 1
| #define HAVE_MMAP 1
| #define INTDIV0_RAISES_SIGFPE 1
| #define HAVE_INTTYPES_H_WITH_UINTMAX 1
| #define HAVE_UNSIGNED_LONG_LONG_INT 1
| #define HAVE_UINTMAX_T 1
| #define HAVE_INTTYPES_H 1
| #define _GNU_SOURCE 1
| /* end confdefs.h.  */
| #include <minix/config.h>
configure:7432: result: no
configure:7460: checking for minix/config.h
configure:7467: result: no
configure:7506: checking whether it is safe to define __EXTENSIONS__
configure:7534: gcc -c -g -O2  conftest.c >&5
configure:7540: $? = 0
configure:7555: result: yes
configure:7651: checking for ld used by GCC
configure:7715: result: /usr/bin/ld
configure:7724: checking if the linker (/usr/bin/ld) is GNU ld
configure:7737: result: yes
configure:7744: checking for shared library run path origin
configure:7757: result: done
configure:7803: checking whether imported symbols can be declared weak
configure:7828: gcc -o conftest -g -O2   conftest.c  >&5
configure:7834: $? = 0
configure:7850: result: yes
configure:7865: checking pthread.h usability
configure:7882: gcc -c -g -O2  conftest.c >&5
configure:7888: $? = 0
configure:7902: result: yes
configure:7906: checking pthread.h presence
configure:7921: gcc -E  conftest.c
configure:7927: $? = 0
configure:7941: result: yes
configure:7969: checking for pthread.h
configure:7976: result: yes
configure:8017: gcc -o conftest -g -O2   conftest.c  >&5
/root/tmp/ccy30vNZ.o: In function `main':
/usr/local/src/terraform/conftest.c:43: undefined reference to `pthread_mutexattr_init'
collect2: ld returned 1 exit status
configure:8023: $? = 1
configure: failed program was:
| /* confdefs.h.  */
| #define PACKAGE_NAME ""
| #define PACKAGE_TARNAME ""
| #define PACKAGE_VERSION ""
| #define PACKAGE_STRING ""
| #define PACKAGE_BUGREPORT ""
| #define PACKAGE "terraform"
| #define VERSION "0.9.2"
| #define STDC_HEADERS 1
| #define GETTEXT_PACKAGE "terraform"
| #define HAVE_VISIBILITY 1
| #define HAVE_SYS_TYPES_H 1
| #define HAVE_SYS_STAT_H 1
| #define HAVE_STDLIB_H 1
| #define HAVE_STRING_H 1
| #define HAVE_MEMORY_H 1
| #define HAVE_STRINGS_H 1
| #define HAVE_INTTYPES_H 1
| #define HAVE_STDINT_H 1
| #define HAVE_UNISTD_H 1
| #define HAVE_STDINT_H_WITH_UINTMAX 1
| #define HAVE_ALLOCA_H 1
| #define HAVE_ALLOCA 1
| #define HAVE_STDLIB_H 1
| #define HAVE_UNISTD_H 1
| #define HAVE_GETPAGESIZE 1
| #define HAVE_MMAP 1
| #define INTDIV0_RAISES_SIGFPE 1
| #define HAVE_INTTYPES_H_WITH_UINTMAX 1
| #define HAVE_UNSIGNED_LONG_LONG_INT 1
| #define HAVE_UINTMAX_T 1
| #define HAVE_INTTYPES_H 1
| #define _GNU_SOURCE 1
| #define __EXTENSIONS__ 1
| #define _POSIX_PTHREAD_SEMANTICS 1
| #define _TANDEM_SOURCE 1
| /* end confdefs.h.  */
| #include <pthread.h>
| int
| main ()
| {
| pthread_mutex_lock((pthread_mutex_t*)0);
|            pthread_mutexattr_init((pthread_mutexattr_t*)0);
|   ;
|   return 0;
| }
configure:8124: checking for pthread_kill in -lpthread
configure:8159: gcc -o conftest -g -O2   conftest.c -lpthread   >&5
configure:8165: $? = 0
configure:8183: result: yes
configure:8282: checking for pthread_rwlock_t
configure:8313: gcc -c -g -O2  conftest.c >&5
configure:8319: $? = 0
configure:8334: result: yes
configure:8371: gcc -c -g -O2  conftest.c >&5
configure:8377: $? = 0
configure:9051: checking for multithread API to use
configure:9053: result: posix
configure:9531: gcc -o conftest -g -O2   conftest.c  >&5
configure:9537: $? = 0
configure:9577: checking argz.h usability
configure:9594: gcc -c -g -O2  conftest.c >&5
configure:9600: $? = 0
configure:9614: result: yes
configure:9618: checking argz.h presence
configure:9633: gcc -E  conftest.c
configure:9639: $? = 0
configure:9653: result: yes
configure:9681: checking for argz.h
configure:9689: result: yes
configure:9567: checking for inttypes.h
configure:9573: result: yes
configure:9577: checking limits.h usability
configure:9594: gcc -c -g -O2  conftest.c >&5
configure:9600: $? = 0
configure:9614: result: yes
configure:9618: checking limits.h presence
configure:9633: gcc -E  conftest.c
configure:9639: $? = 0
configure:9653: result: yes
configure:9681: checking for limits.h
configure:9689: result: yes
configure:9567: checking for unistd.h
configure:9573: result: yes
configure:9577: checking sys/param.h usability
configure:9594: gcc -c -g -O2  conftest.c >&5
configure:9600: $? = 0
configure:9614: result: yes
configure:9618: checking sys/param.h presence
configure:9633: gcc -E  conftest.c
configure:9639: $? = 0
configure:9653: result: yes
configure:9681: checking for sys/param.h
configure:9689: result: yes
configure:9723: checking for getcwd
configure:9779: gcc -o conftest -g -O2   conftest.c  >&5
configure:9785: $? = 0
configure:9803: result: yes
configure:9723: checking for getegid
configure:9779: gcc -o conftest -g -O2   conftest.c  >&5
configure:9785: $? = 0
configure:9803: result: yes
configure:9723: checking for geteuid
configure:9779: gcc -o conftest -g -O2   conftest.c  >&5
configure:9785: $? = 0
configure:9803: result: yes
configure:9723: checking for getgid
configure:9779: gcc -o conftest -g -O2   conftest.c  >&5
configure:9785: $? = 0
configure:9803: result: yes
configure:9723: checking for getuid
configure:9779: gcc -o conftest -g -O2   conftest.c  >&5
configure:9785: $? = 0
configure:9803: result: yes
configure:9723: checking for mempcpy
configure:9779: gcc -o conftest -g -O2   conftest.c  >&5
conftest.c:76: warning: conflicting types for built-in function 'mempcpy'
configure:9785: $? = 0
configure:9803: result: yes
configure:9723: checking for munmap
configure:9779: gcc -o conftest -g -O2   conftest.c  >&5
configure:9785: $? = 0
configure:9803: result: yes
configure:9723: checking for stpcpy
configure:9779: gcc -o conftest -g -O2   conftest.c  >&5
conftest.c:78: warning: conflicting types for built-in function 'stpcpy'
configure:9785: $? = 0
configure:9803: result: yes
configure:9723: checking for strcasecmp
configure:9779: gcc -o conftest -g -O2   conftest.c  >&5
conftest.c:79: warning: conflicting types for built-in function 'strcasecmp'
configure:9785: $? = 0
configure:9803: result: yes
configure:9723: checking for strdup
configure:9779: gcc -o conftest -g -O2   conftest.c  >&5
conftest.c:80: warning: conflicting types for built-in function 'strdup'
configure:9785: $? = 0
configure:9803: result: yes
configure:9723: checking for strtoul
configure:9779: gcc -o conftest -g -O2   conftest.c  >&5
configure:9785: $? = 0
configure:9803: result: yes
configure:9723: checking for tsearch
configure:9779: gcc -o conftest -g -O2   conftest.c  >&5
configure:9785: $? = 0
configure:9803: result: yes
configure:9723: checking for argz_count
configure:9779: gcc -o conftest -g -O2   conftest.c  >&5
configure:9785: $? = 0
configure:9803: result: yes
configure:9723: checking for argz_stringify
configure:9779: gcc -o conftest -g -O2   conftest.c  >&5
configure:9785: $? = 0
configure:9803: result: yes
configure:9723: checking for argz_next
configure:9779: gcc -o conftest -g -O2   conftest.c  >&5
configure:9785: $? = 0
configure:9803: result: yes
configure:9723: checking for __fsetlocking
configure:9779: gcc -o conftest -g -O2   conftest.c  >&5
configure:9785: $? = 0
configure:9803: result: yes
configure:9815: checking whether feof_unlocked is declared
configure:9845: gcc -c -g -O2  conftest.c >&5
configure:9851: $? = 0
configure:9866: result: yes
configure:9880: checking whether fgets_unlocked is declared
configure:9910: gcc -c -g -O2  conftest.c >&5
configure:9916: $? = 0
configure:9931: result: yes
configure:9975: checking for iconv
configure:10007: gcc -o conftest -g -O2   conftest.c  >&5
configure:10013: $? = 0
configure:10083: result: yes
configure:10086: checking for working iconv
configure:10172: gcc -o conftest -g -O2   conftest.c  >&5
configure:10175: $? = 0
configure:10181: ./conftest
configure:10184: $? = 0
configure:10202: result: yes
configure:10232: checking for iconv declaration
configure:10271: gcc -c -g -O2  conftest.c >&5
configure:10277: $? = 0
configure:10296: result: 
         extern size_t iconv (iconv_t cd, char * *inbuf, size_t *inbytesleft, char * *outbuf, size_t *outbytesleft);
configure:10307: checking for NL_LOCALE_NAME macro
configure:10336: gcc -o conftest -g -O2   conftest.c  >&5
configure:10342: $? = 0
configure:10360: result: yes
configure:10374: checking for bison
configure:10404: result: no
configure:10432: checking for long long int
configure:10482: gcc -o conftest -g -O2   conftest.c  >&5
configure:10488: $? = 0
configure:10533: gcc -o conftest -g -O2   conftest.c  >&5
configure:10536: $? = 0
configure:10542: ./conftest
configure:10545: $? = 0
configure:10570: result: yes
configure:10581: checking for wchar_t
configure:10608: gcc -c -g -O2  conftest.c >&5
configure:10614: $? = 0
configure:10629: result: yes
configure:10640: checking for wint_t
configure:10675: gcc -c -g -O2  conftest.c >&5
configure:10681: $? = 0
configure:10696: result: yes
configure:10709: checking for intmax_t
configure:10745: gcc -c -g -O2  conftest.c >&5
configure:10751: $? = 0
configure:10766: result: yes
configure:10778: checking whether printf() supports POSIX/XSI format strings
configure:10833: gcc -o conftest -g -O2   conftest.c  >&5
configure:10836: $? = 0
configure:10842: ./conftest
configure:10845: $? = 0
configure:10862: result: yes
configure:10875: checking whether we are using the GNU C Library 2.1 or newer
configure:10906: result: yes
configure:10918: checking for stdint.h
configure:10924: result: yes
configure:11053: checking for SIZE_MAX
configure:11766: result: yes
configure:11784: checking for stdint.h
configure:11790: result: yes
configure:11921: checking for CFPreferencesCopyAppValue
configure:11949: gcc -o conftest -g -O2   conftest.c  -Wl,-framework -Wl,CoreFoundation >&5
conftest.c:76:42: error: CoreFoundation/CFPreferences.h: No such file or directory
conftest.c: In function 'main':
conftest.c:80: error: 'NULL' undeclared (first use in this function)
conftest.c:80: error: (Each undeclared identifier is reported only once
conftest.c:80: error: for each function it appears in.)
configure:11955: $? = 1
configure: failed program was:
| /* confdefs.h.  */
| #define PACKAGE_NAME ""
| #define PACKAGE_TARNAME ""
| #define PACKAGE_VERSION ""
| #define PACKAGE_STRING ""
| #define PACKAGE_BUGREPORT ""
| #define PACKAGE "terraform"
| #define VERSION "0.9.2"
| #define STDC_HEADERS 1
| #define GETTEXT_PACKAGE "terraform"
| #define HAVE_VISIBILITY 1
| #define HAVE_SYS_TYPES_H 1
| #define HAVE_SYS_STAT_H 1
| #define HAVE_STDLIB_H 1
| #define HAVE_STRING_H 1
| #define HAVE_MEMORY_H 1
| #define HAVE_STRINGS_H 1
| #define HAVE_INTTYPES_H 1
| #define HAVE_STDINT_H 1
| #define HAVE_UNISTD_H 1
| #define HAVE_STDINT_H_WITH_UINTMAX 1
| #define HAVE_ALLOCA_H 1
| #define HAVE_ALLOCA 1
| #define HAVE_STDLIB_H 1
| #define HAVE_UNISTD_H 1
| #define HAVE_GETPAGESIZE 1
| #define HAVE_MMAP 1
| #define INTDIV0_RAISES_SIGFPE 1
| #define HAVE_INTTYPES_H_WITH_UINTMAX 1
| #define HAVE_UNSIGNED_LONG_LONG_INT 1
| #define HAVE_UINTMAX_T 1
| #define HAVE_INTTYPES_H 1
| #define _GNU_SOURCE 1
| #define __EXTENSIONS__ 1
| #define _POSIX_PTHREAD_SEMANTICS 1
| #define _TANDEM_SOURCE 1
| #define USE_POSIX_THREADS 1
| #define USE_POSIX_THREADS_WEAK 1
| #define HAVE_PTHREAD_RWLOCK 1
| #define HAVE_PTHREAD_MUTEX_RECURSIVE 1
| #define HAVE_BUILTIN_EXPECT 1
| #define HAVE_ARGZ_H 1
| #define HAVE_INTTYPES_H 1
| #define HAVE_LIMITS_H 1
| #define HAVE_UNISTD_H 1
| #define HAVE_SYS_PARAM_H 1
| #define HAVE_GETCWD 1
| #define HAVE_GETEGID 1
| #define HAVE_GETEUID 1
| #define HAVE_GETGID 1
| #define HAVE_GETUID 1
| #define HAVE_MEMPCPY 1
| #define HAVE_MUNMAP 1
| #define HAVE_STPCPY 1
| #define HAVE_STRCASECMP 1
| #define HAVE_STRDUP 1
| #define HAVE_STRTOUL 1
| #define HAVE_TSEARCH 1
| #define HAVE_ARGZ_COUNT 1
| #define HAVE_ARGZ_STRINGIFY 1
| #define HAVE_ARGZ_NEXT 1
| #define HAVE___FSETLOCKING 1
| #define HAVE_DECL_FEOF_UNLOCKED 1
| #define HAVE_DECL_FGETS_UNLOCKED 1
| #define HAVE_ICONV 1
| #define ICONV_CONST 
| #define HAVE_NL_LOCALE_NAME 1
| #define HAVE_LONG_LONG_INT 1
| #define HAVE_WCHAR_T 1
| #define HAVE_WINT_T 1
| #define HAVE_INTMAX_T 1
| #define HAVE_POSIX_PRINTF 1
| #define HAVE_STDINT_H 1
| #define HAVE_STDINT_H 1
| /* end confdefs.h.  */
| #include <CoreFoundation/CFPreferences.h>
| int
| main ()
| {
| CFPreferencesCopyAppValue(NULL, NULL)
|   ;
|   return 0;
| }
configure:11973: result: no
configure:11982: checking for CFLocaleCopyCurrent
configure:12010: gcc -o conftest -g -O2   conftest.c  -Wl,-framework -Wl,CoreFoundation >&5
conftest.c:76:37: error: CoreFoundation/CFLocale.h: No such file or directory
configure:12016: $? = 1
configure: failed program was:
| /* confdefs.h.  */
| #define PACKAGE_NAME ""
| #define PACKAGE_TARNAME ""
| #define PACKAGE_VERSION ""
| #define PACKAGE_STRING ""
| #define PACKAGE_BUGREPORT ""
| #define PACKAGE "terraform"
| #define VERSION "0.9.2"
| #define STDC_HEADERS 1
| #define GETTEXT_PACKAGE "terraform"
| #define HAVE_VISIBILITY 1
| #define HAVE_SYS_TYPES_H 1
| #define HAVE_SYS_STAT_H 1
| #define HAVE_STDLIB_H 1
| #define HAVE_STRING_H 1
| #define HAVE_MEMORY_H 1
| #define HAVE_STRINGS_H 1
| #define HAVE_INTTYPES_H 1
| #define HAVE_STDINT_H 1
| #define HAVE_UNISTD_H 1
| #define HAVE_STDINT_H_WITH_UINTMAX 1
| #define HAVE_ALLOCA_H 1
| #define HAVE_ALLOCA 1
| #define HAVE_STDLIB_H 1
| #define HAVE_UNISTD_H 1
| #define HAVE_GETPAGESIZE 1
| #define HAVE_MMAP 1
| #define INTDIV0_RAISES_SIGFPE 1
| #define HAVE_INTTYPES_H_WITH_UINTMAX 1
| #define HAVE_UNSIGNED_LONG_LONG_INT 1
| #define HAVE_UINTMAX_T 1
| #define HAVE_INTTYPES_H 1
| #define _GNU_SOURCE 1
| #define __EXTENSIONS__ 1
| #define _POSIX_PTHREAD_SEMANTICS 1
| #define _TANDEM_SOURCE 1
| #define USE_POSIX_THREADS 1
| #define USE_POSIX_THREADS_WEAK 1
| #define HAVE_PTHREAD_RWLOCK 1
| #define HAVE_PTHREAD_MUTEX_RECURSIVE 1
| #define HAVE_BUILTIN_EXPECT 1
| #define HAVE_ARGZ_H 1
| #define HAVE_INTTYPES_H 1
| #define HAVE_LIMITS_H 1
| #define HAVE_UNISTD_H 1
| #define HAVE_SYS_PARAM_H 1
| #define HAVE_GETCWD 1
| #define HAVE_GETEGID 1
| #define HAVE_GETEUID 1
| #define HAVE_GETGID 1
| #define HAVE_GETUID 1
| #define HAVE_MEMPCPY 1
| #define HAVE_MUNMAP 1
| #define HAVE_STPCPY 1
| #define HAVE_STRCASECMP 1
| #define HAVE_STRDUP 1
| #define HAVE_STRTOUL 1
| #define HAVE_TSEARCH 1
| #define HAVE_ARGZ_COUNT 1
| #define HAVE_ARGZ_STRINGIFY 1
| #define HAVE_ARGZ_NEXT 1
| #define HAVE___FSETLOCKING 1
| #define HAVE_DECL_FEOF_UNLOCKED 1
| #define HAVE_DECL_FGETS_UNLOCKED 1
| #define HAVE_ICONV 1
| #define ICONV_CONST 
| #define HAVE_NL_LOCALE_NAME 1
| #define HAVE_LONG_LONG_INT 1
| #define HAVE_WCHAR_T 1
| #define HAVE_WINT_T 1
| #define HAVE_INTMAX_T 1
| #define HAVE_POSIX_PRINTF 1
| #define HAVE_STDINT_H 1
| #define HAVE_STDINT_H 1
| /* end confdefs.h.  */
| #include <CoreFoundation/CFLocale.h>
| int
| main ()
| {
| CFLocaleCopyCurrent();
|   ;
|   return 0;
| }
configure:12034: result: no
configure:12054: checking for ptrdiff_t
configure:12084: gcc -c -g -O2  conftest.c >&5
configure:12090: $? = 0
configure:12105: result: yes
configure:12135: checking stddef.h usability
configure:12152: gcc -c -g -O2  conftest.c >&5
configure:12158: $? = 0
configure:12172: result: yes
configure:12176: checking stddef.h presence
configure:12191: gcc -E  conftest.c
configure:12197: $? = 0
configure:12211: result: yes
configure:12239: checking for stddef.h
configure:12247: result: yes
configure:12125: checking for stdlib.h
configure:12131: result: yes
configure:12125: checking for string.h
configure:12131: result: yes
configure:12270: checking for asprintf
configure:12326: gcc -o conftest -g -O2   conftest.c  >&5
configure:12332: $? = 0
configure:12350: result: yes
configure:12270: checking for fwprintf
configure:12326: gcc -o conftest -g -O2   conftest.c  >&5
configure:12332: $? = 0
configure:12350: result: yes
configure:12270: checking for putenv
configure:12326: gcc -o conftest -g -O2   conftest.c  >&5
configure:12332: $? = 0
configure:12350: result: yes
configure:12270: checking for setenv
configure:12326: gcc -o conftest -g -O2   conftest.c  >&5
configure:12332: $? = 0
configure:12350: result: yes
configure:12270: checking for setlocale
configure:12326: gcc -o conftest -g -O2   conftest.c  >&5
configure:12332: $? = 0
configure:12350: result: yes
configure:12270: checking for snprintf
configure:12326: gcc -o conftest -g -O2   conftest.c  >&5
conftest.c:107: warning: conflicting types for built-in function 'snprintf'
configure:12332: $? = 0
configure:12350: result: yes
configure:12270: checking for wcslen
configure:12326: gcc -o conftest -g -O2   conftest.c  >&5
configure:12332: $? = 0
configure:12350: result: yes
configure:12362: checking whether _snprintf is declared
configure:12392: gcc -c -g -O2  conftest.c >&5
conftest.c: In function 'main':
conftest.c:92: error: '_snprintf' undeclared (first use in this function)
conftest.c:92: error: (Each undeclared identifier is reported only once
conftest.c:92: error: for each function it appears in.)
configure:12398: $? = 1
configure: failed program was:
| /* confdefs.h.  */
| #define PACKAGE_NAME ""
| #define PACKAGE_TARNAME ""
| #define PACKAGE_VERSION ""
| #define PACKAGE_STRING ""
| #define PACKAGE_BUGREPORT ""
| #define PACKAGE "terraform"
| #define VERSION "0.9.2"
| #define STDC_HEADERS 1
| #define GETTEXT_PACKAGE "terraform"
| #define HAVE_VISIBILITY 1
| #define HAVE_SYS_TYPES_H 1
| #define HAVE_SYS_STAT_H 1
| #define HAVE_STDLIB_H 1
| #define HAVE_STRING_H 1
| #define HAVE_MEMORY_H 1
| #define HAVE_STRINGS_H 1
| #define HAVE_INTTYPES_H 1
| #define HAVE_STDINT_H 1
| #define HAVE_UNISTD_H 1
| #define HAVE_STDINT_H_WITH_UINTMAX 1
| #define HAVE_ALLOCA_H 1
| #define HAVE_ALLOCA 1
| #define HAVE_STDLIB_H 1
| #define HAVE_UNISTD_H 1
| #define HAVE_GETPAGESIZE 1
| #define HAVE_MMAP 1
| #define INTDIV0_RAISES_SIGFPE 1
| #define HAVE_INTTYPES_H_WITH_UINTMAX 1
| #define HAVE_UNSIGNED_LONG_LONG_INT 1
| #define HAVE_UINTMAX_T 1
| #define HAVE_INTTYPES_H 1
| #define _GNU_SOURCE 1
| #define __EXTENSIONS__ 1
| #define _POSIX_PTHREAD_SEMANTICS 1
| #define _TANDEM_SOURCE 1
| #define USE_POSIX_THREADS 1
| #define USE_POSIX_THREADS_WEAK 1
| #define HAVE_PTHREAD_RWLOCK 1
| #define HAVE_PTHREAD_MUTEX_RECURSIVE 1
| #define HAVE_BUILTIN_EXPECT 1
| #define HAVE_ARGZ_H 1
| #define HAVE_INTTYPES_H 1
| #define HAVE_LIMITS_H 1
| #define HAVE_UNISTD_H 1
| #define HAVE_SYS_PARAM_H 1
| #define HAVE_GETCWD 1
| #define HAVE_GETEGID 1
| #define HAVE_GETEUID 1
| #define HAVE_GETGID 1
| #define HAVE_GETUID 1
| #define HAVE_MEMPCPY 1
| #define HAVE_MUNMAP 1
| #define HAVE_STPCPY 1
| #define HAVE_STRCASECMP 1
| #define HAVE_STRDUP 1
| #define HAVE_STRTOUL 1
| #define HAVE_TSEARCH 1
| #define HAVE_ARGZ_COUNT 1
| #define HAVE_ARGZ_STRINGIFY 1
| #define HAVE_ARGZ_NEXT 1
| #define HAVE___FSETLOCKING 1
| #define HAVE_DECL_FEOF_UNLOCKED 1
| #define HAVE_DECL_FGETS_UNLOCKED 1
| #define HAVE_ICONV 1
| #define ICONV_CONST 
| #define HAVE_NL_LOCALE_NAME 1
| #define HAVE_LONG_LONG_INT 1
| #define HAVE_WCHAR_T 1
| #define HAVE_WINT_T 1
| #define HAVE_INTMAX_T 1
| #define HAVE_POSIX_PRINTF 1
| #define HAVE_STDINT_H 1
| #define HAVE_STDINT_H 1
| #define HAVE_STDDEF_H 1
| #define HAVE_STDLIB_H 1
| #define HAVE_STRING_H 1
| #define HAVE_ASPRINTF 1
| #define HAVE_FWPRINTF 1
| #define HAVE_PUTENV 1
| #define HAVE_SETENV 1
| #define HAVE_SETLOCALE 1
| #define HAVE_SNPRINTF 1
| #define HAVE_WCSLEN 1
| /* end confdefs.h.  */
| #include <stdio.h>
| int
| main ()
| {
| 
| #ifndef _snprintf
|   char *p = (char *) _snprintf;
| #endif
| 
|   ;
|   return 0;
| }
configure:12413: result: no
configure:12427: checking whether _snwprintf is declared
configure:12457: gcc -c -g -O2  conftest.c >&5
conftest.c: In function 'main':
conftest.c:93: error: '_snwprintf' undeclared (first use in this function)
conftest.c:93: error: (Each undeclared identifier is reported only once
conftest.c:93: error: for each function it appears in.)
configure:12463: $? = 1
configure: failed program was:
| /* confdefs.h.  */
| #define PACKAGE_NAME ""
| #define PACKAGE_TARNAME ""
| #define PACKAGE_VERSION ""
| #define PACKAGE_STRING ""
| #define PACKAGE_BUGREPORT ""
| #define PACKAGE "terraform"
| #define VERSION "0.9.2"
| #define STDC_HEADERS 1
| #define GETTEXT_PACKAGE "terraform"
| #define HAVE_VISIBILITY 1
| #define HAVE_SYS_TYPES_H 1
| #define HAVE_SYS_STAT_H 1
| #define HAVE_STDLIB_H 1
| #define HAVE_STRING_H 1
| #define HAVE_MEMORY_H 1
| #define HAVE_STRINGS_H 1
| #define HAVE_INTTYPES_H 1
| #define HAVE_STDINT_H 1
| #define HAVE_UNISTD_H 1
| #define HAVE_STDINT_H_WITH_UINTMAX 1
| #define HAVE_ALLOCA_H 1
| #define HAVE_ALLOCA 1
| #define HAVE_STDLIB_H 1
| #define HAVE_UNISTD_H 1
| #define HAVE_GETPAGESIZE 1
| #define HAVE_MMAP 1
| #define INTDIV0_RAISES_SIGFPE 1
| #define HAVE_INTTYPES_H_WITH_UINTMAX 1
| #define HAVE_UNSIGNED_LONG_LONG_INT 1
| #define HAVE_UINTMAX_T 1
| #define HAVE_INTTYPES_H 1
| #define _GNU_SOURCE 1
| #define __EXTENSIONS__ 1
| #define _POSIX_PTHREAD_SEMANTICS 1
| #define _TANDEM_SOURCE 1
| #define USE_POSIX_THREADS 1
| #define USE_POSIX_THREADS_WEAK 1
| #define HAVE_PTHREAD_RWLOCK 1
| #define HAVE_PTHREAD_MUTEX_RECURSIVE 1
| #define HAVE_BUILTIN_EXPECT 1
| #define HAVE_ARGZ_H 1
| #define HAVE_INTTYPES_H 1
| #define HAVE_LIMITS_H 1
| #define HAVE_UNISTD_H 1
| #define HAVE_SYS_PARAM_H 1
| #define HAVE_GETCWD 1
| #define HAVE_GETEGID 1
| #define HAVE_GETEUID 1
| #define HAVE_GETGID 1
| #define HAVE_GETUID 1
| #define HAVE_MEMPCPY 1
| #define HAVE_MUNMAP 1
| #define HAVE_STPCPY 1
| #define HAVE_STRCASECMP 1
| #define HAVE_STRDUP 1
| #define HAVE_STRTOUL 1
| #define HAVE_TSEARCH 1
| #define HAVE_ARGZ_COUNT 1
| #define HAVE_ARGZ_STRINGIFY 1
| #define HAVE_ARGZ_NEXT 1
| #define HAVE___FSETLOCKING 1
| #define HAVE_DECL_FEOF_UNLOCKED 1
| #define HAVE_DECL_FGETS_UNLOCKED 1
| #define HAVE_ICONV 1
| #define ICONV_CONST 
| #define HAVE_NL_LOCALE_NAME 1
| #define HAVE_LONG_LONG_INT 1
| #define HAVE_WCHAR_T 1
| #define HAVE_WINT_T 1
| #define HAVE_INTMAX_T 1
| #define HAVE_POSIX_PRINTF 1
| #define HAVE_STDINT_H 1
| #define HAVE_STDINT_H 1
| #define HAVE_STDDEF_H 1
| #define HAVE_STDLIB_H 1
| #define HAVE_STRING_H 1
| #define HAVE_ASPRINTF 1
| #define HAVE_FWPRINTF 1
| #define HAVE_PUTENV 1
| #define HAVE_SETENV 1
| #define HAVE_SETLOCALE 1
| #define HAVE_SNPRINTF 1
| #define HAVE_WCSLEN 1
| #define HAVE_DECL__SNPRINTF 0
| /* end confdefs.h.  */
| #include <stdio.h>
| int
| main ()
| {
| 
| #ifndef _snwprintf
|   char *p = (char *) _snwprintf;
| #endif
| 
|   ;
|   return 0;
| }
configure:12478: result: no
configure:12493: checking whether getc_unlocked is declared
configure:12523: gcc -c -g -O2  conftest.c >&5
configure:12529: $? = 0
configure:12544: result: yes
configure:12583: checking for nl_langinfo and CODESET
configure:12609: gcc -o conftest -g -O2   conftest.c  >&5
configure:12615: $? = 0
configure:12633: result: yes
configure:12644: checking for LC_MESSAGES
configure:12670: gcc -o conftest -g -O2   conftest.c  >&5
configure:12676: $? = 0
configure:12693: result: yes
configure:12851: checking for CFPreferencesCopyAppValue
configure:12903: result: no
configure:12912: checking for CFLocaleCopyCurrent
configure:12964: result: no
configure:13001: checking whether included gettext is requested
configure:13011: result: no
configure:13034: checking for GNU gettext in libc
configure:13064: gcc -o conftest -g -O2   conftest.c  >&5
configure:13070: $? = 0
configure:13088: result: yes
configure:13705: checking whether to use NLS
configure:13707: result: yes
configure:13710: checking where the gettext function comes from
configure:13721: result: libc
configure:13818: checking for vfscanf
configure:13874: gcc -o conftest -g -O2   conftest.c  >&5
conftest.c:117: warning: conflicting types for built-in function 'vfscanf'
configure:13880: $? = 0
configure:13897: result: yes
configure:13905: checking for vsscanf
configure:13961: gcc -o conftest -g -O2   conftest.c  >&5
conftest.c:117: warning: conflicting types for built-in function 'vsscanf'
configure:13967: $? = 0
configure:13984: result: yes
configure:14094: checking for png_read_info in -lpng
configure:14129: gcc -o conftest -g -O2   conftest.c -lpng -lz -lm  >&5
configure:14135: $? = 0
configure:14153: result: yes
configure:14156: checking for png.h
configure:14177: gcc -c -g -O2  conftest.c >&5
configure:14183: $? = 0
configure:14198: result: yes
configure:14212: checking for png_structp in png.h
configure:14235: gcc -c -g -O2  conftest.c >&5
configure:14241: $? = 0
configure:14255: result: yes
configure:14270: checking for sgml2html
configure:14286: found /usr/bin/sgml2html
configure:14298: result: yes
configure:14479: creating ./config.status

## ---------------------- ##
## Running config.status. ##
## ---------------------- ##

This file was extended by config.status, which was
generated by GNU Autoconf 2.61.  Invocation command line was

  CONFIG_FILES    = 
  CONFIG_HEADERS  = 
  CONFIG_LINKS    = 
  CONFIG_COMMANDS = 
  $ ./config.status 

on localhost

config.status:733: creating Makefile
config.status:733: creating terraform.spec
config.status:733: creating docs/Makefile
config.status:733: creating data/Makefile
config.status:733: creating data/image_maps/Makefile
config.status:733: creating data/include/Makefile
config.status:733: creating data/include/atmospheres/Makefile
config.status:733: creating data/include/earth_textures/Makefile
config.status:733: creating data/include/skies/Makefile
config.status:733: creating data/include/skies/include/Makefile
config.status:733: creating data/include/water/Makefile
config.status:733: creating data/glade/Makefile
config.status:733: creating data/objects/Makefile
config.status:733: creating desktop-links/Makefile
config.status:733: creating help/Makefile
config.status:733: creating help/C/Makefile
config.status:733: creating help/fr/Makefile
config.status:733: creating src/Makefile
config.status:733: creating po/Makefile.in
config.status:733: creating po/Makefile
config.status:733: creating config.h
config.status:1043: config.h is unchanged
config.status:1090: executing depfiles commands
config.status:1090: executing po-directories commands

## ---------------- ##
## Cache variables. ##
## ---------------- ##

ac_cv_build=i686-pc-linux-gnu
ac_cv_c_compiler_gnu=yes
ac_cv_c_inline=inline
ac_cv_env_CC_set=
ac_cv_env_CC_value=
ac_cv_env_CFLAGS_set=
ac_cv_env_CFLAGS_value=
ac_cv_env_CPPFLAGS_set=
ac_cv_env_CPPFLAGS_value=
ac_cv_env_CPP_set=
ac_cv_env_CPP_value=
ac_cv_env_LDFLAGS_set=
ac_cv_env_LDFLAGS_value=
ac_cv_env_LIBS_set=
ac_cv_env_LIBS_value=
ac_cv_env_PACKAGE_CFLAGS_set=
ac_cv_env_PACKAGE_CFLAGS_value=
ac_cv_env_PACKAGE_LIBS_set=
ac_cv_env_PACKAGE_LIBS_value=
ac_cv_env_PKG_CONFIG_set=
ac_cv_env_PKG_CONFIG_value=
ac_cv_env_build_alias_set=
ac_cv_env_build_alias_value=
ac_cv_env_host_alias_set=
ac_cv_env_host_alias_value=
ac_cv_env_target_alias_set=
ac_cv_env_target_alias_value=
ac_cv_func___fsetlocking=yes
ac_cv_func_alloca_works=yes
ac_cv_func_argz_count=yes
ac_cv_func_argz_next=yes
ac_cv_func_argz_stringify=yes
ac_cv_func_asprintf=yes
ac_cv_func_fwprintf=yes
ac_cv_func_getcwd=yes
ac_cv_func_getegid=yes
ac_cv_func_geteuid=yes
ac_cv_func_getgid=yes
ac_cv_func_getpagesize=yes
ac_cv_func_getuid=yes
ac_cv_func_mempcpy=yes
ac_cv_func_mmap_fixed_mapped=yes
ac_cv_func_munmap=yes
ac_cv_func_putenv=yes
ac_cv_func_setenv=yes
ac_cv_func_setlocale=yes
ac_cv_func_snprintf=yes
ac_cv_func_stpcpy=yes
ac_cv_func_strcasecmp=yes
ac_cv_func_strdup=yes
ac_cv_func_strtoul=yes
ac_cv_func_tsearch=yes
ac_cv_func_vfscanf=yes
ac_cv_func_vsscanf=yes
ac_cv_func_wcslen=yes
ac_cv_gnu_library_2=yes
ac_cv_gnu_library_2_1=yes
ac_cv_have_decl__snprintf=no
ac_cv_have_decl__snwprintf=no
ac_cv_have_decl_feof_unlocked=yes
ac_cv_have_decl_fgets_unlocked=yes
ac_cv_have_decl_getc_unlocked=yes
ac_cv_header_argz_h=yes
ac_cv_header_inttypes_h=yes
ac_cv_header_limits_h=yes
ac_cv_header_memory_h=yes
ac_cv_header_minix_config_h=no
ac_cv_header_png_h=yes
ac_cv_header_pthread_h=yes
ac_cv_header_stdc=yes
ac_cv_header_stddef_h=yes
ac_cv_header_stdint_h=yes
ac_cv_header_stdlib_h=yes
ac_cv_header_string_h=yes
ac_cv_header_strings_h=yes
ac_cv_header_sys_param_h=yes
ac_cv_header_sys_stat_h=yes
ac_cv_header_sys_types_h=yes
ac_cv_header_unistd_h=yes
ac_cv_host=i686-pc-linux-gnu
ac_cv_lib_png_png_read_info=yes
ac_cv_lib_pthread_pthread_kill=yes
ac_cv_objext=o
ac_cv_path_EGREP='/bin/grep -E'
ac_cv_path_GMSGFMT=/usr/bin/msgfmt
ac_cv_path_GREP=/bin/grep
ac_cv_path_MSGFMT=/usr/bin/msgfmt
ac_cv_path_MSGMERGE=/usr/bin/msgmerge
ac_cv_path_XGETTEXT=/usr/bin/xgettext
ac_cv_path_ac_pt_PKG_CONFIG=/usr/bin/pkg-config
ac_cv_path_install='/usr/bin/install -c'
ac_cv_path_mkdir=/bin/mkdir
ac_cv_prog_AWK=gawk
ac_cv_prog_CPP='gcc -E'
ac_cv_prog_SGMLTOOLS=yes
ac_cv_prog_ac_ct_CC=gcc
ac_cv_prog_ac_ct_RANLIB=ranlib
ac_cv_prog_cc_c89=
ac_cv_prog_cc_g=yes
ac_cv_prog_make_make_set=yes
ac_cv_safe_to_define___extensions__=yes
ac_cv_search_strerror='none required'
ac_cv_type_long_long_int=yes
ac_cv_type_pthread_rwlock_t=yes
ac_cv_type_ptrdiff_t=yes
ac_cv_type_size_t=yes
ac_cv_type_unsigned_long_long_int=yes
ac_cv_working_alloca_h=yes
acl_cv_path_LD=/usr/bin/ld
acl_cv_prog_gnu_ld=yes
acl_cv_rpath=done
am_cv_CC_dependencies_compiler_type=gcc3
am_cv_func_iconv=yes
am_cv_func_iconv_works=yes
am_cv_langinfo_codeset=yes
am_cv_lib_iconv=no
am_cv_prog_cc_stdc=
am_cv_proto_iconv='extern size_t iconv (iconv_t cd, char * *inbuf, size_t *inbytesleft, char * *outbuf, size_t *outbytesleft);'
am_cv_proto_iconv_arg1=
gl_cv_cc_visibility=yes
gl_cv_header_inttypes_h=yes
gl_cv_header_stdint_h=yes
gl_cv_size_max=yes
gt_cv_c_intmax_t=yes
gt_cv_c_wchar_t=yes
gt_cv_c_wint_t=yes
gt_cv_func_CFLocaleCopyCurrent=no
gt_cv_func_CFPreferencesCopyAppValue=no
gt_cv_func_gnugettext1_libc=yes
gt_cv_func_printf_posix=yes
gt_cv_int_divbyzero_sigfpe=yes
gt_cv_inttypes_pri_broken=no
gt_cv_nl_locale_name=yes
gt_cv_val_LC_MESSAGES=yes
nls_cv_force_use_gnu_gettext=no
nls_cv_header_intl=
nls_cv_header_libgt=
nls_cv_use_gnu_gettext=no
pkg_cv_PACKAGE_CFLAGS='-DORBIT2=1 -pthread -I/usr/include/glib-2.0 -I/usr/lib/glib-2.0/include -I/usr/include/gtk-2.0 -I/usr/lib/gtk-2.0/include -I/usr/include/atk-1.0 -I/usr/include/cairo -I/usr/include/pango-1.0 -I/usr/include/freetype2 -I/usr/include/libpng12 -I/usr/include/pixman-1 -I/usr/include/libxml2 -I/usr/include/libglade-2.0 -I/usr/include/libgnome-2.0 -I/usr/include/orbit-2.0 -I/usr/include/gconf/2 -I/usr/include/gnome-vfs-2.0 -I/usr/lib/gnome-vfs-2.0/include -I/usr/include/libbonobo-2.0 -I/usr/include/bonobo-activation-2.0 -I/usr/include/libgnomeui-2.0 -I/usr/include/libart-2.0 -I/usr/include/gnome-keyring-1 -I/usr/include/libbonoboui-2.0 -I/usr/include/libgnomecanvas-2.0 -I/usr/include/gail-1.0 -I/usr/include/libgnomeprint-2.2 -I/usr/include/libgnomeprintui-2.2  '
pkg_cv_PACKAGE_LIBS='-Wl,--export-dynamic -pthread -lglade-2.0 -lgnomeui-2 -lSM -lICE -lbonoboui-2 -lgnomevfs-2 -lgnome-2 -lpopt -lbonobo-2 -lbonobo-activation -lORBit-2 -lgconf-2 -lgthread-2.0 -lrt -lgnomeprintui-2-2 -lgnomeprint-2-2 -lz -lgnomecanvas-2 -lxml2 -lart_lgpl_2 -lgtk-x11-2.0 -lgdk-x11-2.0 -latk-1.0 -lgdk_pixbuf-2.0 -lpangocairo-1.0 -lpango-1.0 -lcairo -lgobject-2.0 -lgmodule-2.0 -ldl -lglib-2.0  '

## ----------------- ##
## Output variables. ##
## ----------------- ##

ACLOCAL='${SHELL} /usr/local/src/terraform/missing --run aclocal-1.10'
ALLOCA=''
AMDEPBACKSLASH='\'
AMDEP_FALSE='#'
AMDEP_TRUE=''
AMTAR='${SHELL} /usr/local/src/terraform/missing --run tar'
AUTOCONF='${SHELL} /usr/local/src/terraform/missing --run autoconf'
AUTOHEADER='${SHELL} /usr/local/src/terraform/missing --run autoheader'
AUTOMAKE='${SHELL} /usr/local/src/terraform/missing --run automake-1.10'
AWK='gawk'
BUILD_INCLUDED_LIBINTL='no'
CATOBJEXT='.gmo'
CC='gcc'
CCDEPMODE='depmode=gcc3'
CFLAGS='-g -O2'
CFLAG_VISIBILITY='-fvisibility=hidden'
CPP='gcc -E'
CPPFLAGS=''
CYGPATH_W='echo'
DATADIRNAME='share'
DEFS='-DHAVE_CONFIG_H'
DEPDIR='.deps'
ECHO_C=''
ECHO_N='-n'
ECHO_T=''
EGREP='/bin/grep -E'
EXEEXT=''
GENCAT='gencat'
GETTEXT_MACRO_VERSION='0.17'
GETTEXT_PACKAGE='terraform'
GLIBC21='yes'
GLIBC2='yes'
GMSGFMT='/usr/bin/msgfmt'
GMSGFMT_015='/usr/bin/msgfmt'
GNOME_DATADIR=''
GREP='/bin/grep'
HAVE_ASPRINTF='1'
HAVE_LIB_TRIO_FALSE=''
HAVE_LIB_TRIO_TRUE='#'
HAVE_POSIX_PRINTF='1'
HAVE_SGMLTOOLS_FALSE='#'
HAVE_SGMLTOOLS_TRUE=''
HAVE_SNPRINTF='1'
HAVE_VISIBILITY='1'
HAVE_WPRINTF='0'
INSTALL_DATA='${INSTALL} -m 644'
INSTALL_PROGRAM='${INSTALL}'
INSTALL_SCRIPT='${INSTALL}'
INSTALL_STRIP_PROGRAM='$(install_sh) -c -s'
INSTOBJEXT='.mo'
INTLBISON=':'
INTLLIBS=''
INTLOBJS=''
INTL_LIBTOOL_SUFFIX_PREFIX=''
INTL_MACOSX_LIBS=''
LDFLAGS=''
LIBICONV=''
LIBINTL=''
LIBMULTITHREAD='-lpthread'
LIBOBJS=''
LIBPTH=''
LIBPTH_PREFIX=''
LIBS=''
LIBTHREAD=''
LTLIBC='-lc'
LTLIBICONV=''
LTLIBINTL=''
LTLIBMULTITHREAD='-lpthread'
LTLIBOBJS=''
LTLIBPTH=''
LTLIBTHREAD=''
MAKEINFO='${SHELL} /usr/local/src/terraform/missing --run makeinfo'
MSGFMT='/usr/bin/msgfmt'
MSGFMT_015='/usr/bin/msgfmt'
MSGMERGE='/usr/bin/msgmerge'
OBJEXT='o'
PACKAGE='terraform'
PACKAGE_BUGREPORT=''
PACKAGE_CFLAGS='-DORBIT2=1 -pthread -I/usr/include/glib-2.0 -I/usr/lib/glib-2.0/include -I/usr/include/gtk-2.0 -I/usr/lib/gtk-2.0/include -I/usr/include/atk-1.0 -I/usr/include/cairo -I/usr/include/pango-1.0 -I/usr/include/freetype2 -I/usr/include/libpng12 -I/usr/include/pixman-1 -I/usr/include/libxml2 -I/usr/include/libglade-2.0 -I/usr/include/libgnome-2.0 -I/usr/include/orbit-2.0 -I/usr/include/gconf/2 -I/usr/include/gnome-vfs-2.0 -I/usr/lib/gnome-vfs-2.0/include -I/usr/include/libbonobo-2.0 -I/usr/include/bonobo-activation-2.0 -I/usr/include/libgnomeui-2.0 -I/usr/include/libart-2.0 -I/usr/include/gnome-keyring-1 -I/usr/include/libbonoboui-2.0 -I/usr/include/libgnomecanvas-2.0 -I/usr/include/gail-1.0 -I/usr/include/libgnomeprint-2.2 -I/usr/include/libgnomeprintui-2.2  '
PACKAGE_LIBS='-Wl,--export-dynamic -pthread -lglade-2.0 -lgnomeui-2 -lSM -lICE -lbonoboui-2 -lgnomevfs-2 -lgnome-2 -lpopt -lbonobo-2 -lbonobo-activation -lORBit-2 -lgconf-2 -lgthread-2.0 -lrt -lgnomeprintui-2-2 -lgnomeprint-2-2 -lz -lgnomecanvas-2 -lxml2 -lart_lgpl_2 -lgtk-x11-2.0 -lgdk-x11-2.0 -latk-1.0 -lgdk_pixbuf-2.0 -lpangocairo-1.0 -lpango-1.0 -lcairo -lgobject-2.0 -lgmodule-2.0 -ldl -lglib-2.0  '
PACKAGE_NAME=''
PACKAGE_PIXMAPS_DIR='/pixmaps/terraform'
PACKAGE_STRING=''
PACKAGE_TARNAME=''
PACKAGE_VERSION=''
PATH_SEPARATOR=':'
PKG_CONFIG='/usr/bin/pkg-config'
PNG_LIBS='-lpng -lz -lm'
POSUB='po'
PRI_MACROS_BROKEN='0'
RANLIB='ranlib'
SET_MAKE=''
SGMLTOOLS='yes'
SHELL='/bin/sh'
STRIP=''
USE_INCLUDED_LIBINTL='no'
USE_NLS='yes'
VERSION='0.9.2'
WINDRES=''
WOE32='no'
WOE32DLL='no'
XGETTEXT='/usr/bin/xgettext'
XGETTEXT_015='/usr/bin/xgettext'
XGETTEXT_EXTRA_OPTIONS=''
ac_ct_CC='gcc'
am__fastdepCC_FALSE='#'
am__fastdepCC_TRUE=''
am__include='include'
am__isrc=''
am__leading_dot='.'
am__quote=''
am__tar='${AMTAR} chof - "$$tardir"'
am__untar='${AMTAR} xf -'
bindir='${exec_prefix}/bin'
build='i686-pc-linux-gnu'
build_alias=''
build_cpu='i686'
build_os='linux-gnu'
build_vendor='pc'
datadir='${datarootdir}'
datarootdir='${prefix}/share'
docdir='${datarootdir}/doc/${PACKAGE}'
dvidir='${docdir}'
exec_prefix='${prefix}'
host='i686-pc-linux-gnu'
host_alias=''
host_cpu='i686'
host_os='linux-gnu'
host_vendor='pc'
htmldir='${docdir}'
includedir='${prefix}/include'
infodir='${datarootdir}/info'
install_sh='$(SHELL) /usr/local/src/terraform/install-sh'
libdir='${exec_prefix}/lib'
libexecdir='${exec_prefix}/libexec'
localedir='${datarootdir}/locale'
localstatedir='${prefix}/var'
mandir='${datarootdir}/man'
mkdir_p='/bin/mkdir -p'
oldincludedir='/usr/include'
pdfdir='${docdir}'
prefix='/usr/local'
program_transform_name='s,x,x,'
psdir='${docdir}'
sbindir='${exec_prefix}/sbin'
sharedstatedir='${prefix}/com'
sysconfdir='${prefix}/etc'
target_alias=''

## ----------- ##
## confdefs.h. ##
## ----------- ##

#define PACKAGE_NAME ""
#define PACKAGE_TARNAME ""
#define PACKAGE_VERSION ""
#define PACKAGE_STRING ""
#define PACKAGE_BUGREPORT ""
#define PACKAGE "terraform"
#define VERSION "0.9.2"
#define STDC_HEADERS 1
#define GETTEXT_PACKAGE "terraform"
#define HAVE_VISIBILITY 1
#define HAVE_SYS_TYPES_H 1
#define HAVE_SYS_STAT_H 1
#define HAVE_STDLIB_H 1
#define HAVE_STRING_H 1
#define HAVE_MEMORY_H 1
#define HAVE_STRINGS_H 1
#define HAVE_INTTYPES_H 1
#define HAVE_STDINT_H 1
#define HAVE_UNISTD_H 1
#define HAVE_STDINT_H_WITH_UINTMAX 1
#define HAVE_ALLOCA_H 1
#define HAVE_ALLOCA 1
#define HAVE_STDLIB_H 1
#define HAVE_UNISTD_H 1
#define HAVE_GETPAGESIZE 1
#define HAVE_MMAP 1
#define INTDIV0_RAISES_SIGFPE 1
#define HAVE_INTTYPES_H_WITH_UINTMAX 1
#define HAVE_UNSIGNED_LONG_LONG_INT 1
#define HAVE_UINTMAX_T 1
#define HAVE_INTTYPES_H 1
#define _GNU_SOURCE 1
#define __EXTENSIONS__ 1
#define _POSIX_PTHREAD_SEMANTICS 1
#define _TANDEM_SOURCE 1
#define USE_POSIX_THREADS 1
#define USE_POSIX_THREADS_WEAK 1
#define HAVE_PTHREAD_RWLOCK 1
#define HAVE_PTHREAD_MUTEX_RECURSIVE 1
#define HAVE_BUILTIN_EXPECT 1
#define HAVE_ARGZ_H 1
#define HAVE_INTTYPES_H 1
#define HAVE_LIMITS_H 1
#define HAVE_UNISTD_H 1
#define HAVE_SYS_PARAM_H 1
#define HAVE_GETCWD 1
#define HAVE_GETEGID 1
#define HAVE_GETEUID 1
#define HAVE_GETGID 1
#define HAVE_GETUID 1
#define HAVE_MEMPCPY 1
#define HAVE_MUNMAP 1
#define HAVE_STPCPY 1
#define HAVE_STRCASECMP 1
#define HAVE_STRDUP 1
#define HAVE_STRTOUL 1
#define HAVE_TSEARCH 1
#define HAVE_ARGZ_COUNT 1
#define HAVE_ARGZ_STRINGIFY 1
#define HAVE_ARGZ_NEXT 1
#define HAVE___FSETLOCKING 1
#define HAVE_DECL_FEOF_UNLOCKED 1
#define HAVE_DECL_FGETS_UNLOCKED 1
#define HAVE_ICONV 1
#define ICONV_CONST 
#define HAVE_NL_LOCALE_NAME 1
#define HAVE_LONG_LONG_INT 1
#define HAVE_WCHAR_T 1
#define HAVE_WINT_T 1
#define HAVE_INTMAX_T 1
#define HAVE_POSIX_PRINTF 1
#define HAVE_STDINT_H 1
#define HAVE_STDINT_H 1
#define HAVE_STDDEF_H 1
#define HAVE_STDLIB_H 1
#define HAVE_STRING_H 1
#define HAVE_ASPRINTF 1
#define HAVE_FWPRINTF 1
#define HAVE_PUTENV 1
#define HAVE_SETENV 1
#define HAVE_SETLOCALE 1
#define HAVE_SNPRINTF 1
#define HAVE_WCSLEN 1
#define HAVE_DECL__SNPRINTF 0
#define HAVE_DECL__SNWPRINTF 0
#define HAVE_DECL_GETC_UNLOCKED 1
#define HAVE_LANGINFO_CODESET 1
#define HAVE_LC_MESSAGES 1
#define ENABLE_NLS 1
#define HAVE_GETTEXT 1
#define HAVE_DCGETTEXT 1
#define PACKAGE_LOCALE_DIR "/usr/local/share/locale"
#define HAVE_LIBPNG 1
#define HAVE_SGMLTOOLS 1

configure: exit 0
