This file contains any messages produced by compilers while
running configure, to aid debugging if configure makes a mistake.

It was created by configure, which was
generated by GNU Autoconf 2.63.  Invocation command line was

  $ ./configure --enable-maintainer-mode

## --------- ##
## Platform. ##
## --------- ##

hostname = localhost
uname -m = i686
uname -r = 2.6.29.1-desktop586-4mnb
uname -s = Linux
uname -v = #1 SMP Mon Apr 20 17:37:07 EDT 2009

/usr/bin/uname -p = unknown
/bin/uname -X     = unknown

/bin/arch              = i686
/usr/bin/arch -k       = unknown
/usr/convex/getsysinfo = unknown
/usr/bin/hostinfo      = unknown
/bin/machine           = unknown
/usr/bin/oslevel       = unknown
/bin/universe          = unknown

PATH: /sbin
PATH: /usr/sbin
PATH: /bin
PATH: /usr/bin
PATH: /usr/X11R6/bin
PATH: /usr/local/bin
PATH: /usr/local/sbin
PATH: /usr/lib/qt4/bin
PATH: /usr/bin
PATH: /opt/kde3/bin


## ----------- ##
## Core tests. ##
## ----------- ##

configure:1894: checking for a BSD-compatible install
configure:1962: result: /usr/bin/install -c
configure:1973: checking whether build environment is sane
configure:2016: result: yes
configure:2041: checking for a thread-safe mkdir -p
configure:2080: result: /bin/mkdir -p
configure:2093: checking for gawk
configure:2109: found /bin/gawk
configure:2120: result: gawk
configure:2131: checking whether make sets $(MAKE)
configure:2153: result: yes
configure:2397: checking for gcc
configure:2413: found /usr/bin/gcc
configure:2424: result: gcc
configure:2656: checking for C compiler version
configure:2664: gcc --version >&5
gcc (GCC) 4.3.2
Copyright (C) 2008 Free Software Foundation, Inc.
This is free software; see the source for copying conditions.  There is NO
warranty; not even for MERCHANTABILITY or FITNESS FOR A PARTICULAR PURPOSE.

configure:2668: $? = 0
configure:2675: gcc -v >&5
Using built-in specs.
Target: i586-manbo-linux-gnu
Configured with: ../configure --prefix=/usr --libexecdir=/usr/lib --with-slibdir=/lib --mandir=/usr/share/man --infodir=/usr/share/info --enable-checking=release --enable-languages=c,c++,fortran,objc,obj-c++,java --build=i586-manbo-linux-gnu --host=i586-manbo-linux-gnu --with-cpu=generic --with-system-zlib --enable-threads=posix --enable-shared --enable-long-long --enable-__cxa_atexit --disable-libunwind-exceptions --enable-clocale=gnu --enable-java-awt=gtk --with-java-home=/usr/lib/jvm/java-1.5.0-gcj-1.5.0.0/jre --with-ecj-jar=/usr/share/java/eclipse-ecj.jar --enable-gtk-cairo --disable-libjava-multilib --enable-ssp --disable-libssp --disable-werror
Thread model: posix
gcc version 4.3.2 (GCC) 
configure:2679: $? = 0
configure:2686: gcc -V >&5
gcc: '-V' option must have argument
configure:2690: $? = 1
configure:2713: checking for C compiler default output file name
configure:2735: gcc    conftest.c  >&5
configure:2739: $? = 0
configure:2777: result: a.out
configure:2796: checking whether the C compiler works
configure:2806: ./a.out
configure:2810: $? = 0
configure:2829: result: yes
configure:2836: checking whether we are cross compiling
configure:2838: result: no
configure:2841: checking for suffix of executables
configure:2848: gcc -o conftest    conftest.c  >&5
configure:2852: $? = 0
configure:2878: result: 
configure:2884: checking for suffix of object files
configure:2910: gcc -c   conftest.c >&5
configure:2914: $? = 0
configure:2939: result: o
configure:2943: checking whether we are using the GNU C compiler
configure:2972: gcc -c   conftest.c >&5
configure:2979: $? = 0
configure:2996: result: yes
configure:3005: checking whether gcc accepts -g
configure:3035: gcc -c -g  conftest.c >&5
configure:3042: $? = 0
configure:3143: result: yes
configure:3160: checking for gcc option to accept ISO C89
configure:3234: gcc  -c -g -O2  conftest.c >&5
configure:3241: $? = 0
configure:3264: result: none needed
configure:3293: checking for style of include used by make
configure:3321: result: GNU
configure:3346: checking dependency style of gcc
configure:3437: result: gcc3
configure:3500: checking for gcc
configure:3527: result: gcc
configure:3759: checking for C compiler version
configure:3767: gcc --version >&5
gcc (GCC) 4.3.2
Copyright (C) 2008 Free Software Foundation, Inc.
This is free software; see the source for copying conditions.  There is NO
warranty; not even for MERCHANTABILITY or FITNESS FOR A PARTICULAR PURPOSE.

configure:3771: $? = 0
configure:3778: gcc -v >&5
Using built-in specs.
Target: i586-manbo-linux-gnu
Configured with: ../configure --prefix=/usr --libexecdir=/usr/lib --with-slibdir=/lib --mandir=/usr/share/man --infodir=/usr/share/info --enable-checking=release --enable-languages=c,c++,fortran,objc,obj-c++,java --build=i586-manbo-linux-gnu --host=i586-manbo-linux-gnu --with-cpu=generic --with-system-zlib --enable-threads=posix --enable-shared --enable-long-long --enable-__cxa_atexit --disable-libunwind-exceptions --enable-clocale=gnu --enable-java-awt=gtk --with-java-home=/usr/lib/jvm/java-1.5.0-gcj-1.5.0.0/jre --with-ecj-jar=/usr/share/java/eclipse-ecj.jar --enable-gtk-cairo --disable-libjava-multilib --enable-ssp --disable-libssp --disable-werror
Thread model: posix
gcc version 4.3.2 (GCC) 
configure:3782: $? = 0
configure:3789: gcc -V >&5
gcc: '-V' option must have argument
configure:3793: $? = 1
configure:3796: checking whether we are using the GNU C compiler
configure:3849: result: yes
configure:3858: checking whether gcc accepts -g
configure:3996: result: yes
configure:4013: checking for gcc option to accept ISO C89
configure:4117: result: none needed
configure:4137: checking dependency style of gcc
configure:4228: result: gcc3
configure:4247: checking for library containing strerror
configure:4288: gcc -o conftest -g -O2   conftest.c  >&5
configure:4295: $? = 0
configure:4326: result: none required
configure:4339: checking how to run the C preprocessor
configure:4379: gcc -E  conftest.c
configure:4386: $? = 0
configure:4417: gcc -E  conftest.c
conftest.c:10:28: error: ac_nonexistent.h: No such file or directory
configure:4424: $? = 1
configure: failed program was:
| /* confdefs.h.  */
| #define PACKAGE_NAME ""
| #define PACKAGE_TARNAME ""
| #define PACKAGE_VERSION ""
| #define PACKAGE_STRING ""
| #define PACKAGE_BUGREPORT ""
| #define PACKAGE "terraform"
| #define VERSION "0.9.2"
| /* end confdefs.h.  */
| #include <ac_nonexistent.h>
configure:4457: result: gcc -E
configure:4486: gcc -E  conftest.c
configure:4493: $? = 0
configure:4524: gcc -E  conftest.c
conftest.c:10:28: error: ac_nonexistent.h: No such file or directory
configure:4531: $? = 1
configure: failed program was:
| /* confdefs.h.  */
| #define PACKAGE_NAME ""
| #define PACKAGE_TARNAME ""
| #define PACKAGE_VERSION ""
| #define PACKAGE_STRING ""
| #define PACKAGE_BUGREPORT ""
| #define PACKAGE "terraform"
| #define VERSION "0.9.2"
| /* end confdefs.h.  */
| #include <ac_nonexistent.h>
configure:4571: checking for grep that handles long lines and -e
configure:4631: result: /bin/grep
configure:4636: checking for egrep
configure:4700: result: /bin/grep -E
configure:4705: checking for ANSI C header files
configure:4735: gcc -c -g -O2  conftest.c >&5
configure:4742: $? = 0
configure:4841: gcc -o conftest -g -O2   conftest.c  >&5
configure:4845: $? = 0
configure:4851: ./conftest
configure:4855: $? = 0
configure:4873: result: yes
configure:4933: checking for pkg-config
configure:4951: found /usr/bin/pkg-config
configure:4963: result: /usr/bin/pkg-config
configure:4988: checking pkg-config is at least version 0.9.0
configure:4991: result: yes
configure:5002: checking for PACKAGE
configure:5020: $PKG_CONFIG --exists --print-errors "
glib-2.0        >= 2.0.0
gobject-2.0     >= 2.0.0
gmodule-2.0     >= 2.0.0
gtk+-2.0        >= 2.0.0
libxml-2.0      >= 2.4.12
libglade-2.0    >= 2.0.1
libgnome-2.0    >= 1.105.0
libgnomeui-2.0  >= 1.106.0
libgnomeprint-2.2 >= 2.2.1.1
libgnomeprintui-2.2 >= 2.2.1.1
"
configure:5034: $? = 0
configure:5069: $PKG_CONFIG --exists --print-errors "
glib-2.0        >= 2.0.0
gobject-2.0     >= 2.0.0
gmodule-2.0     >= 2.0.0
gtk+-2.0        >= 2.0.0
libxml-2.0      >= 2.4.12
libglade-2.0    >= 2.0.1
libgnome-2.0    >= 1.105.0
libgnomeui-2.0  >= 1.106.0
libgnomeprint-2.2 >= 2.2.1.1
libgnomeprintui-2.2 >= 2.2.1.1
"
configure:5083: $? = 0
configure:5215: result: yes
configure:5245: checking for sys/types.h
configure:5266: gcc -c -g -O2  conftest.c >&5
configure:5273: $? = 0
configure:5290: result: yes
configure:5245: checking for sys/stat.h
configure:5266: gcc -c -g -O2  conftest.c >&5
configure:5273: $? = 0
configure:5290: result: yes
configure:5245: checking for stdlib.h
configure:5266: gcc -c -g -O2  conftest.c >&5
configure:5273: $? = 0
configure:5290: result: yes
configure:5245: checking for string.h
configure:5266: gcc -c -g -O2  conftest.c >&5
configure:5273: $? = 0
configure:5290: result: yes
configure:5245: checking for memory.h
configure:5266: gcc -c -g -O2  conftest.c >&5
configure:5273: $? = 0
configure:5290: result: yes
configure:5245: checking for strings.h
configure:5266: gcc -c -g -O2  conftest.c >&5
configure:5273: $? = 0
configure:5290: result: yes
configure:5245: checking for inttypes.h
configure:5266: gcc -c -g -O2  conftest.c >&5
configure:5273: $? = 0
configure:5290: result: yes
configure:5245: checking for stdint.h
configure:5266: gcc -c -g -O2  conftest.c >&5
configure:5273: $? = 0
configure:5290: result: yes
configure:5245: checking for unistd.h
configure:5266: gcc -c -g -O2  conftest.c >&5
configure:5273: $? = 0
configure:5290: result: yes
configure:5321: checking locale.h usability
configure:5338: gcc -c -g -O2  conftest.c >&5
configure:5345: $? = 0
configure:5359: result: yes
configure:5363: checking locale.h presence
configure:5378: gcc -E  conftest.c
configure:5385: $? = 0
configure:5399: result: yes
configure:5427: checking for locale.h
configure:5436: result: yes
configure:5452: checking for LC_MESSAGES
configure:5478: gcc -o conftest -g -O2   conftest.c  >&5
configure:5485: $? = 0
configure:5505: result: yes
configure:5534: checking libintl.h usability
configure:5551: gcc -c -g -O2  conftest.c >&5
configure:5558: $? = 0
configure:5572: result: yes
configure:5576: checking libintl.h presence
configure:5591: gcc -E  conftest.c
configure:5598: $? = 0
configure:5612: result: yes
configure:5640: checking for libintl.h
configure:5647: result: yes
configure:5658: checking for ngettext in libc
configure:5686: gcc -o conftest -g -O2   conftest.c  >&5
configure:5693: $? = 0
configure:5714: result: yes
configure:5718: checking for dgettext in libc
configure:5746: gcc -o conftest -g -O2   conftest.c  >&5
configure:5753: $? = 0
configure:5774: result: yes
configure:5783: checking for bind_textdomain_codeset
configure:5839: gcc -o conftest -g -O2   conftest.c  >&5
configure:5846: $? = 0
configure:5868: result: yes
configure:6384: checking for msgfmt
configure:6414: result: no
configure:6896: checking for vfscanf
configure:6952: gcc -o conftest -g -O2   conftest.c  >&5
conftest.c:48: warning: conflicting types for built-in function 'vfscanf'
configure:6959: $? = 0
configure:6979: result: yes
configure:6987: checking for vsscanf
configure:7043: gcc -o conftest -g -O2   conftest.c  >&5
conftest.c:48: warning: conflicting types for built-in function 'vsscanf'
configure:7050: $? = 0
configure:7070: result: yes
configure:7187: checking for png_read_info in -lpng
configure:7222: gcc -o conftest -g -O2   conftest.c -lpng -lz -lm  >&5
configure:7229: $? = 0
configure:7250: result: yes
configure:7253: checking for png.h
configure:7274: gcc -c -g -O2  conftest.c >&5
configure:7281: $? = 0
configure:7296: result: yes
configure:7310: checking for png_structp in png.h
configure:7333: gcc -c -g -O2  conftest.c >&5
configure:7340: $? = 0
configure:7354: result: yes
configure:7374: checking for sgml2html
configure:7402: result: no
configure:7586: creating ./config.status

## ---------------------- ##
## Running config.status. ##
## ---------------------- ##

This file was extended by config.status, which was
generated by GNU Autoconf 2.63.  Invocation command line was

  CONFIG_FILES    = 
  CONFIG_HEADERS  = 
  CONFIG_LINKS    = 
  CONFIG_COMMANDS = 
  $ ./config.status 

on localhost

config.status:833: creating Makefile
config.status:833: creating terraform.spec
config.status:833: creating docs/Makefile
config.status:833: creating data/Makefile
config.status:833: creating data/image_maps/Makefile
config.status:833: creating data/include/Makefile
config.status:833: creating data/include/atmospheres/Makefile
config.status:833: creating data/include/earth_textures/Makefile
config.status:833: creating data/include/skies/Makefile
config.status:833: creating data/include/skies/include/Makefile
config.status:833: creating data/include/water/Makefile
config.status:833: creating data/glade/Makefile
config.status:833: creating data/objects/Makefile
config.status:833: creating desktop-links/Makefile
config.status:833: creating help/Makefile
config.status:833: creating help/C/Makefile
config.status:833: creating help/fr/Makefile
config.status:833: creating src/Makefile
config.status:833: creating po/Makefile.in
config.status:833: creating po/Makefile
config.status:833: creating config.h
config.status:1107: executing depfiles commands
config.status:1107: executing default-1 commands
configure:8940: WARNING: unrecognized options: --enable-maintainer-mode

## ---------------- ##
## Cache variables. ##
## ---------------- ##

ac_cv_c_compiler_gnu=yes
ac_cv_env_CC_set=
ac_cv_env_CC_value=
ac_cv_env_CFLAGS_set=
ac_cv_env_CFLAGS_value=
ac_cv_env_CPPFLAGS_set=
ac_cv_env_CPPFLAGS_value=
ac_cv_env_CPP_set=
ac_cv_env_CPP_value=
ac_cv_env_LDFLAGS_set=
ac_cv_env_LDFLAGS_value=
ac_cv_env_LIBS_set=
ac_cv_env_LIBS_value=
ac_cv_env_PACKAGE_CFLAGS_set=
ac_cv_env_PACKAGE_CFLAGS_value=
ac_cv_env_PACKAGE_LIBS_set=
ac_cv_env_PACKAGE_LIBS_value=
ac_cv_env_PKG_CONFIG_set=
ac_cv_env_PKG_CONFIG_value=
ac_cv_env_build_alias_set=
ac_cv_env_build_alias_value=
ac_cv_env_host_alias_set=
ac_cv_env_host_alias_value=
ac_cv_env_target_alias_set=
ac_cv_env_target_alias_value=
ac_cv_func_bind_textdomain_codeset=yes
ac_cv_func_vfscanf=yes
ac_cv_func_vsscanf=yes
ac_cv_header_inttypes_h=yes
ac_cv_header_libintl_h=yes
ac_cv_header_locale_h=yes
ac_cv_header_memory_h=yes
ac_cv_header_png_h=yes
ac_cv_header_stdc=yes
ac_cv_header_stdint_h=yes
ac_cv_header_stdlib_h=yes
ac_cv_header_string_h=yes
ac_cv_header_strings_h=yes
ac_cv_header_sys_stat_h=yes
ac_cv_header_sys_types_h=yes
ac_cv_header_unistd_h=yes
ac_cv_lib_png_png_read_info=yes
ac_cv_objext=o
ac_cv_path_EGREP='/bin/grep -E'
ac_cv_path_GREP=/bin/grep
ac_cv_path_MSGFMT=no
ac_cv_path_ac_pt_PKG_CONFIG=/usr/bin/pkg-config
ac_cv_path_install='/usr/bin/install -c'
ac_cv_path_mkdir=/bin/mkdir
ac_cv_prog_AWK=gawk
ac_cv_prog_CPP='gcc -E'
ac_cv_prog_SGMLTOOLS=no
ac_cv_prog_ac_ct_CC=gcc
ac_cv_prog_cc_c89=
ac_cv_prog_cc_g=yes
ac_cv_prog_make_make_set=yes
ac_cv_search_strerror='none required'
am_cv_CC_dependencies_compiler_type=gcc3
am_cv_prog_cc_stdc=
am_cv_val_LC_MESSAGES=yes
gt_cv_func_dgettext_libc=yes
gt_cv_func_dgettext_libintl=no
gt_cv_func_ngettext_libc=yes
gt_cv_have_gettext=no
pkg_cv_PACKAGE_CFLAGS='-DORBIT2=1 -pthread -I/usr/include/glib-2.0 -I/usr/lib/glib-2.0/include -I/usr/include/gtk-2.0 -I/usr/lib/gtk-2.0/include -I/usr/include/atk-1.0 -I/usr/include/cairo -I/usr/include/pango-1.0 -I/usr/include/pixman-1 -I/usr/include/freetype2 -I/usr/include/libpng12 -I/usr/include/libxml2 -I/usr/include/libglade-2.0 -I/usr/include/libgnome-2.0 -I/usr/include/orbit-2.0 -I/usr/include/gconf/2 -I/usr/include/gnome-vfs-2.0 -I/usr/lib/gnome-vfs-2.0/include -I/usr/include/libbonobo-2.0 -I/usr/include/dbus-1.0 -I/usr/lib/dbus-1.0/include -I/usr/include/bonobo-activation-2.0 -I/usr/include/libgnomeui-2.0 -I/usr/include/libart-2.0 -I/usr/include/gnome-keyring-1 -I/usr/include/libbonoboui-2.0 -I/usr/include/libgnomecanvas-2.0 -I/usr/include/gail-1.0 -I/usr/include/libgnomeprint-2.2 -I/usr/include/libgnomeprintui-2.2  '
pkg_cv_PACKAGE_LIBS='-Wl,--export-dynamic -pthread -lglade-2.0 -lgnomeui-2 -lSM -lICE -lbonoboui-2 -lgnomevfs-2 -lgnome-2 -lpopt -lbonobo-2 -lbonobo-activation -lORBit-2 -lgconf-2 -lgthread-2.0 -lrt -lgnomeprintui-2-2 -lgnomeprint-2-2 -lz -lgnomecanvas-2 -lxml2 -lart_lgpl_2 -lgtk-x11-2.0 -lgdk-x11-2.0 -latk-1.0 -lgio-2.0 -lpangoft2-1.0 -lgdk_pixbuf-2.0 -lpangocairo-1.0 -lcairo -lpango-1.0 -lfreetype -lfontconfig -lgobject-2.0 -lgmodule-2.0 -lglib-2.0  '

## ----------------- ##
## Output variables. ##
## ----------------- ##

ACLOCAL='${SHELL} /usr/local/src/terraform/missing --run aclocal-1.10'
AMDEPBACKSLASH='\'
AMDEP_FALSE='#'
AMDEP_TRUE=''
AMTAR='${SHELL} /usr/local/src/terraform/missing --run tar'
AUTOCONF='${SHELL} /usr/local/src/terraform/missing --run autoconf'
AUTOHEADER='${SHELL} /usr/local/src/terraform/missing --run autoheader'
AUTOMAKE='${SHELL} /usr/local/src/terraform/missing --run automake-1.10'
AWK='gawk'
CATALOGS=''
CATOBJEXT='NONE'
CC='gcc'
CCDEPMODE='depmode=gcc3'
CFLAGS='-g -O2'
CPP='gcc -E'
CPPFLAGS=''
CYGPATH_W='echo'
DATADIRNAME=''
DEFS='-DHAVE_CONFIG_H'
DEPDIR='.deps'
ECHO_C=''
ECHO_N='-n'
ECHO_T=''
EGREP='/bin/grep -E'
EXEEXT=''
GETTEXT_PACKAGE='terraform'
GMOFILES=' fr.gmo nl.gmo'
GMSGFMT=''
GNOME_DATADIR=''
GREP='/bin/grep'
HAVE_LIB_TRIO_FALSE=''
HAVE_LIB_TRIO_TRUE='#'
HAVE_SGMLTOOLS_FALSE=''
HAVE_SGMLTOOLS_TRUE='#'
INSTALL_DATA='${INSTALL} -m 644'
INSTALL_PROGRAM='${INSTALL}'
INSTALL_SCRIPT='${INSTALL}'
INSTALL_STRIP_PROGRAM='$(install_sh) -c -s'
INSTOBJEXT=''
INTLLIBS=''
LDFLAGS=''
LIBOBJS=''
LIBS=''
LTLIBOBJS=''
MAKEINFO='${SHELL} /usr/local/src/terraform/missing --run makeinfo'
MKDIR_P='/bin/mkdir -p'
MKINSTALLDIRS='./mkinstalldirs'
MSGFMT='no'
MSGFMT_OPTS=''
OBJEXT='o'
PACKAGE='terraform'
PACKAGE_BUGREPORT=''
PACKAGE_CFLAGS='-DORBIT2=1 -pthread -I/usr/include/glib-2.0 -I/usr/lib/glib-2.0/include -I/usr/include/gtk-2.0 -I/usr/lib/gtk-2.0/include -I/usr/include/atk-1.0 -I/usr/include/cairo -I/usr/include/pango-1.0 -I/usr/include/pixman-1 -I/usr/include/freetype2 -I/usr/include/libpng12 -I/usr/include/libxml2 -I/usr/include/libglade-2.0 -I/usr/include/libgnome-2.0 -I/usr/include/orbit-2.0 -I/usr/include/gconf/2 -I/usr/include/gnome-vfs-2.0 -I/usr/lib/gnome-vfs-2.0/include -I/usr/include/libbonobo-2.0 -I/usr/include/dbus-1.0 -I/usr/lib/dbus-1.0/include -I/usr/include/bonobo-activation-2.0 -I/usr/include/libgnomeui-2.0 -I/usr/include/libart-2.0 -I/usr/include/gnome-keyring-1 -I/usr/include/libbonoboui-2.0 -I/usr/include/libgnomecanvas-2.0 -I/usr/include/gail-1.0 -I/usr/include/libgnomeprint-2.2 -I/usr/include/libgnomeprintui-2.2  '
PACKAGE_LIBS='-Wl,--export-dynamic -pthread -lglade-2.0 -lgnomeui-2 -lSM -lICE -lbonoboui-2 -lgnomevfs-2 -lgnome-2 -lpopt -lbonobo-2 -lbonobo-activation -lORBit-2 -lgconf-2 -lgthread-2.0 -lrt -lgnomeprintui-2-2 -lgnomeprint-2-2 -lz -lgnomecanvas-2 -lxml2 -lart_lgpl_2 -lgtk-x11-2.0 -lgdk-x11-2.0 -latk-1.0 -lgio-2.0 -lpangoft2-1.0 -lgdk_pixbuf-2.0 -lpangocairo-1.0 -lcairo -lpango-1.0 -lfreetype -lfontconfig -lgobject-2.0 -lgmodule-2.0 -lglib-2.0  '
PACKAGE_NAME=''
PACKAGE_PIXMAPS_DIR='/pixmaps/terraform'
PACKAGE_STRING=''
PACKAGE_TARNAME=''
PACKAGE_VERSION=''
PATH_SEPARATOR=':'
PKG_CONFIG='/usr/bin/pkg-config'
PNG_LIBS='-lpng -lz -lm'
POFILES=' fr.po nl.po'
POSUB='po'
PO_IN_DATADIR_FALSE=''
PO_IN_DATADIR_TRUE=''
SET_MAKE=''
SGMLTOOLS='no'
SHELL='/bin/sh'
STRIP=''
USE_NLS='yes'
VERSION='0.9.2'
XGETTEXT=':'
ac_ct_CC='gcc'
am__fastdepCC_FALSE='#'
am__fastdepCC_TRUE=''
am__include='include'
am__isrc=''
am__leading_dot='.'
am__quote=''
am__tar='${AMTAR} chof - "$$tardir"'
am__untar='${AMTAR} xf -'
bindir='${exec_prefix}/bin'
build_alias=''
datadir='${datarootdir}'
datarootdir='${prefix}/share'
docdir='${datarootdir}/doc/${PACKAGE}'
dvidir='${docdir}'
exec_prefix='${prefix}'
host_alias=''
htmldir='${docdir}'
includedir='${prefix}/include'
infodir='${datarootdir}/info'
install_sh='$(SHELL) /usr/local/src/terraform/install-sh'
libdir='${exec_prefix}/lib'
libexecdir='${exec_prefix}/libexec'
localedir='${datarootdir}/locale'
localstatedir='${prefix}/var'
mandir='${datarootdir}/man'
mkdir_p='/bin/mkdir -p'
oldincludedir='/usr/include'
pdfdir='${docdir}'
prefix='/usr/local'
program_transform_name='s,x,x,'
psdir='${docdir}'
sbindir='${exec_prefix}/sbin'
sharedstatedir='${prefix}/com'
sysconfdir='${prefix}/etc'
target_alias=''

## ----------- ##
## confdefs.h. ##
## ----------- ##

#define PACKAGE_NAME ""
#define PACKAGE_TARNAME ""
#define PACKAGE_VERSION ""
#define PACKAGE_STRING ""
#define PACKAGE_BUGREPORT ""
#define PACKAGE "terraform"
#define VERSION "0.9.2"
#define STDC_HEADERS 1
#define GETTEXT_PACKAGE "terraform"
#define HAVE_SYS_TYPES_H 1
#define HAVE_SYS_STAT_H 1
#define HAVE_STDLIB_H 1
#define HAVE_STRING_H 1
#define HAVE_MEMORY_H 1
#define HAVE_STRINGS_H 1
#define HAVE_INTTYPES_H 1
#define HAVE_STDINT_H 1
#define HAVE_UNISTD_H 1
#define HAVE_LOCALE_H 1
#define HAVE_LC_MESSAGES 1
#define HAVE_BIND_TEXTDOMAIN_CODESET 1
#define HAVE_GETTEXT 1
#define PACKAGE_LOCALE_DIR "/usr/local//locale"
#define HAVE_LIBPNG 1
#define HAVE_LIBPNG "1"

configure: exit 0
